
> portfolio@1.0.0 start
> react-scripts start

Attempting to bind to HOST environment variable: localhost
If this was unintentional, check that you haven't mistakenly set it in your shell.
Learn more here: https://cra.link/advanced-config

[DEBUG] Port chosen: 3000
[DEBUG] Config factory done
[DEBUG] About to create compiler
[DEBUG] Compiler created
[DEBUG] Loaded proxy settings: undefined
[DEBUG] Proxy config prepared
[DEBUG] Server config created
[DEBUG] WebpackDevServer instance created
[DEBUG] About to call startCallback
[DEBUG] Event listeners about to be setup
[DEBUG] All setup complete
[DEBUG] In startCallback
Starting the development server...

Compiled successfully!

You can now view portfolio in the browser.

  http://localhost:3000

Note that the development build is not optimized.
To create a production build, use npm run build.

webpack compiled [1m[32msuccessfully[39m[22m
